2021-09-29 22:09:26,878 INFO  [Log] goToHomePage() PASSED 
2021-09-29 22:09:29,236 INFO  [Log] goToLoginPage() PASSED 
2021-09-29 22:09:34,354 ERROR [Log] login() FAILED ==> no such element: Unable to locate element: {"method":"css selector","selector":"div.gekhq4-4"}
  (Session info: chrome=94.0.4606.61)
For documentation on this error, please visit: https://selenium.dev/exceptions/#no_such_element
Build info: version: '4.0.0-rc-1', revision: 'bc5511cbda'
System info: host: '192.168.1.11', ip: 'fe80:0:0:0:1cf1:bf9c:1ba6:fac3%en0', os.name: 'Mac OS X', os.arch: 'x86_64', os.version: '10.14.6', java.version: '13.0.2'
Driver info: org.openqa.selenium.chrome.ChromeDriver
Command: [a6ef9bdd55caeae530b069c9df2369f9, findElement {using=css selector, value=div.gekhq4-4}]
Capabilities {acceptInsecureCerts: false, browserName: chrome, browserVersion: 94.0.4606.61, chrome: {chromedriverVersion: 94.0.4606.61 (418b78f5838ed..., userDataDir: /var/folders/0w/k6v6pprs5d3...}, goog:chromeOptions: {debuggerAddress: localhost:53168}, javascriptEnabled: true, networkConnectionEnabled: false, pageLoadStrategy: normal, platform: MAC, platformName: MAC, proxy: Proxy(), se:cdp: ws://localhost:53168/devtoo..., se:cdpVersion: 94.0.4606.61, setWindowRect: true, strictFileInteractability: false, timeouts: {implicit: 0, pageLoad: 300000, script: 30000}, unhandledPromptBehavior: dismiss and notify, webauthn:extension:credBlob: true, webauthn:extension:largeBlob: true, webauthn:virtualAuthenticators: true}
Session ID: a6ef9bdd55caeae530b069c9df2369f9 
2021-09-29 22:09:41,090 INFO  [Log] searchAProduct() PASSED 
2021-09-29 22:09:45,099 INFO  [Log] switchPageTo() PASSED 
2021-09-29 22:09:48,728 INFO  [Log] selectRandomProduct() PASSED 
2021-09-29 22:09:50,177 INFO  [Log] addToCart() PASSED 
2021-09-29 22:09:51,612 INFO  [Log] goToCartPage() PASSED 
2021-09-29 22:09:51,649 INFO  [Log] validateCartPrice() PASSED 
2021-09-29 22:09:51,887 INFO  [Log] increaseQuantityTo() PASSED 
2021-09-29 22:09:52,078 ERROR [Log] deleteFromCart() FAILED ==> Your cart is not empty! ==> expected: <true> but was: <false> 
